<?xml version="1.0" encoding="UTF-8"?>
<!-- Generated by org.testng.reporters.JUnitReportReporter -->
<testsuite name="com.demosite.testcases.LoginTest" tests="4" time="29.105" ignored="0" failures="0" timestamp="04 Jan 2021 06:15:16 GMT" skipped="0" hostname="LAPTOP-HE7823DA" errors="0">
  <testcase name="loginToDemosite" time="6.050" classname="com.demosite.testcases.LoginTest"/>
  <testcase name="loginToDemosite" time="6.635" classname="com.demosite.testcases.LoginTest"/>
  <testcase name="loginToDemosite" time="9.533" classname="com.demosite.testcases.LoginTest"/>
  <testcase name="loginToDemosite" time="6.887" classname="com.demosite.testcases.LoginTest"/>
</testsuite> <!-- com.demosite.testcases.LoginTest -->
